
> verifund-v2@0.0.1 api
> tsx server/src/server.ts

[seeder] No database configured. Starting without seeded records.
VeriFund API listening on http://localhost:5050
[0mGET /api/nomba/banks [32m200[0m 1835.452 ms - 238[0m
[0mGET /api/cron/nomba/status [32m200[0m 1.194 ms - 120[0m
[0mPOST /api/auth/register [32m201[0m 1.744 ms - 423[0m
[0mPOST /api/auth/login [32m200[0m 7.040 ms - 334[0m
[0mPOST /api/cooperative [32m201[0m 887.575 ms - 674[0m
[0mPOST /api/cron/nomba/test-credit [32m201[0m 2.138 ms - 294[0m
[0mGET /api/cron/nomba/status [32m200[0m 0.584 ms - 120[0m
[0mPOST /api/cron/nomba/run [32m200[0m 816.441 ms - 197[0m
[0mGET /api/dashboard?cooperativeId=rc-test-010 [32m200[0m 1.109 ms - 262[0m
[0mGET /api/nomba/banks [32m200[0m 742.661 ms - 238[0m
[0mGET /health [32m200[0m 1.335 ms - 107[0m
[0mPOST /api/auth/register [32m201[0m 1.556 ms - 457[0m
[0mPOST /api/auth/register [32m201[0m 0.770 ms - 460[0m
[0mPOST /api/auth/register [32m201[0m 1.465 ms - 460[0m
[0mPOST /api/auth/login [32m200[0m 7.714 ms - 365[0m
[0mPOST /api/auth/login [32m200[0m 3.853 ms - 369[0m
[0mPOST /api/auth/login [32m200[0m 5.406 ms - 369[0m
[0mPOST /api/cooperative [33m403[0m 3.386 ms - 31[0m
[0mGET /health [32m200[0m 0.740 ms - 107[0m
[0mPOST /api/auth/register [32m201[0m 0.755 ms - 445[0m
[0mPOST /api/auth/register [32m201[0m 0.743 ms - 457[0m
[0mPOST /api/auth/register [32m201[0m 0.761 ms - 460[0m
[0mPOST /api/auth/register [32m201[0m 1.719 ms - 460[0m
[0mPOST /api/auth/login [32m200[0m 3.444 ms - 346[0m
[0mPOST /api/auth/login [32m200[0m 3.338 ms - 365[0m
[0mPOST /api/auth/login [32m200[0m 4.698 ms - 369[0m
[0mPOST /api/auth/login [32m200[0m 3.117 ms - 369[0m
[0mPOST /api/cooperative [32m201[0m 1310.582 ms - 709[0m
[0mGET /api/nomba/banks [32m200[0m 1.187 ms - 238[0m
[0mPOST /api/nomba/simulate-deposit [32m200[0m 1070.450 ms - 504[0m
[0mGET /api/cooperative/reg-1783273573455 [32m200[0m 2.697 ms - 445[0m
[0mPOST /api/withdrawal/request [32m201[0m 221.938 ms - 299[0m
[0mPOST /api/withdrawal/wf_1783273576145/sign [32m200[0m 7.678 ms - 82[0m
[0mPOST /api/withdrawal/wf_1783273576145/sign [32m200[0m 4.877 ms - 74[0m
[0mPOST /api/withdrawal/wf_1783273576145/sign [32m200[0m 4.012 ms - 74[0m
[0mPOST /api/withdrawal/wf_1783273576145/release [32m200[0m 310.358 ms - 146[0m
[0mGET /api/state [32m200[0m 5.060 ms - 93741[0m
[0mGET /health [32m200[0m 0.613 ms - 107[0m
[0mPOST /api/auth/register [32m201[0m 0.646 ms - 445[0m
[0mPOST /api/auth/register [32m201[0m 0.954 ms - 457[0m
[0mPOST /api/auth/register [32m201[0m 0.605 ms - 460[0m
[0mPOST /api/auth/register [32m201[0m 0.634 ms - 460[0m
[0mPOST /api/auth/login [32m200[0m 3.096 ms - 346[0m
[0mPOST /api/auth/login [32m200[0m 3.075 ms - 365[0m
[0mPOST /api/auth/login [32m200[0m 2.559 ms - 369[0m
[0mPOST /api/auth/login [32m200[0m 2.905 ms - 369[0m
[0mPOST /api/cooperative [32m201[0m 1736.532 ms - 709[0m
[0mGET /api/nomba/banks [32m200[0m 0.919 ms - 238[0m
[0mPOST /api/nomba/simulate-deposit [32m200[0m 1935.023 ms - 504[0m
[0mGET /api/cooperative/reg-1783274206717 [32m200[0m 0.586 ms - 445[0m
[0mPOST /api/withdrawal/request [32m201[0m 220.770 ms - 295[0m
[0mPOST /api/withdrawal/wf_1783274210673/sign [32m200[0m 6.777 ms - 82[0m
[0mPOST /api/withdrawal/wf_1783274210673/sign [32m200[0m 3.903 ms - 74[0m
[0mPOST /api/withdrawal/wf_1783274210673/sign [32m200[0m 2.798 ms - 74[0m
[0mPOST /api/withdrawal/wf_1783274210673/release [32m200[0m 295.934 ms - 146[0m
[0mGET /api/state [32m200[0m 2.385 ms - 98372[0m
[0mPOST /api/auth/register [32m201[0m 1.119 ms - 430[0m
[0mPOST /api/auth/login [32m200[0m 3.958 ms - 351[0m
[0mPOST /api/cooperative [33m403[0m 4.542 ms - 31[0m
[0mPOST /api/auth/register [32m201[0m 1.480 ms - 433[0m
[0mPOST /api/auth/login [32m200[0m 9.851 ms - 358[0m
[0mPOST /api/cooperative [32m201[0m 1103.224 ms - 641[0m
[0mGET /api/cooperative/987h77 [32m200[0m 1.232 ms - 384[0m
